<?xml version="1.0" encoding="UTF-8"?>
<testsuite xmlns:xsi="http://www.w3.org/2001/XMLSchema-instance" xsi:noNamespaceSchemaLocation="https://maven.apache.org/surefire/maven-surefire-plugin/xsd/surefire-test-report.xsd" name="cucmber.Options.TestRunner" time="8.961" tests="1" errors="0" skipped="0" failures="0">
  <properties>
    <property name="java.specification.version" value="14"/>
    <property name="sun.jnu.encoding" value="UTF-8"/>
    <property name="java.class.path" value="/Users/minakirollos/eclipse-workspace/APIFramework/target/test-classes:/Users/minakirollos/eclipse-workspace/APIFramework/target/classes:/Users/minakirollos/.m2/repository/junit/junit/4.11/junit-4.11.jar:/Users/minakirollos/.m2/repository/org/hamcrest/hamcrest-core/1.3/hamcrest-core-1.3.jar:/Users/minakirollos/.m2/repository/io/cucumber/cucumber-java/6.2.1/cucumber-java-6.2.1.jar:/Users/minakirollos/.m2/repository/io/cucumber/cucumber-core/6.2.1/cucumber-core-6.2.1.jar:/Users/minakirollos/.m2/repository/io/cucumber/cucumber-gherkin/6.2.1/cucumber-gherkin-6.2.1.jar:/Users/minakirollos/.m2/repository/io/cucumber/cucumber-gherkin-messages/6.2.1/cucumber-gherkin-messages-6.2.1.jar:/Users/minakirollos/.m2/repository/io/cucumber/messages/12.2.0/messages-12.2.0.jar:/Users/minakirollos/.m2/repository/io/cucumber/tag-expressions/3.0.0/tag-expressions-3.0.0.jar:/Users/minakirollos/.m2/repository/io/cucumber/cucumber-expressions/10.2.1/cucumber-expressions-10.2.1.jar:/Users/minakirollos/.m2/repository/io/cucumber/datatable/3.3.1/datatable-3.3.1.jar:/Users/minakirollos/.m2/repository/io/cucumber/cucumber-plugin/6.2.1/cucumber-plugin-6.2.1.jar:/Users/minakirollos/.m2/repository/io/cucumber/docstring/6.2.1/docstring-6.2.1.jar:/Users/minakirollos/.m2/repository/io/cucumber/html-formatter/7.0.0/html-formatter-7.0.0.jar:/Users/minakirollos/.m2/repository/org/apiguardian/apiguardian-api/1.1.0/apiguardian-api-1.1.0.jar:/Users/minakirollos/.m2/repository/io/cucumber/cucumber-junit/6.2.1/cucumber-junit-6.2.1.jar:/Users/minakirollos/.m2/repository/io/rest-assured/rest-assured/4.3.1/rest-assured-4.3.1.jar:/Users/minakirollos/.m2/repository/org/codehaus/groovy/groovy/3.0.3/groovy-3.0.3.jar:/Users/minakirollos/.m2/repository/org/codehaus/groovy/groovy-xml/3.0.3/groovy-xml-3.0.3.jar:/Users/minakirollos/.m2/repository/org/apache/httpcomponents/httpclient/4.5.3/httpclient-4.5.3.jar:/Users/minakirollos/.m2/repository/org/apache/httpcomponents/httpcore/4.4.6/httpcore-4.4.6.jar:/Users/minakirollos/.m2/repository/commons-logging/commons-logging/1.2/commons-logging-1.2.jar:/Users/minakirollos/.m2/repository/commons-codec/commons-codec/1.9/commons-codec-1.9.jar:/Users/minakirollos/.m2/repository/org/apache/httpcomponents/httpmime/4.5.3/httpmime-4.5.3.jar:/Users/minakirollos/.m2/repository/org/hamcrest/hamcrest/2.1/hamcrest-2.1.jar:/Users/minakirollos/.m2/repository/org/ccil/cowan/tagsoup/tagsoup/1.2.1/tagsoup-1.2.1.jar:/Users/minakirollos/.m2/repository/io/rest-assured/json-path/4.3.1/json-path-4.3.1.jar:/Users/minakirollos/.m2/repository/org/codehaus/groovy/groovy-json/3.0.3/groovy-json-3.0.3.jar:/Users/minakirollos/.m2/repository/io/rest-assured/rest-assured-common/4.3.1/rest-assured-common-4.3.1.jar:/Users/minakirollos/.m2/repository/io/rest-assured/xml-path/4.3.1/xml-path-4.3.1.jar:/Users/minakirollos/.m2/repository/org/apache/commons/commons-lang3/3.4/commons-lang3-3.4.jar:/Users/minakirollos/.m2/repository/jakarta/xml/bind/jakarta.xml.bind-api/2.3.3/jakarta.xml.bind-api-2.3.3.jar:/Users/minakirollos/.m2/repository/jakarta/activation/jakarta.activation-api/1.2.2/jakarta.activation-api-1.2.2.jar:/Users/minakirollos/.m2/repository/com/sun/xml/bind/jaxb-impl/2.3.3/jaxb-impl-2.3.3.jar:/Users/minakirollos/.m2/repository/com/fasterxml/jackson/core/jackson-databind/2.11.1/jackson-databind-2.11.1.jar:/Users/minakirollos/.m2/repository/com/fasterxml/jackson/core/jackson-annotations/2.11.1/jackson-annotations-2.11.1.jar:/Users/minakirollos/.m2/repository/com/fasterxml/jackson/core/jackson-core/2.11.1/jackson-core-2.11.1.jar:"/>
    <property name="java.vm.vendor" value="Oracle Corporation"/>
    <property name="sun.arch.data.model" value="64"/>
    <property name="java.vendor.url" value="https://java.oracle.com/"/>
    <property name="os.name" value="Mac OS X"/>
    <property name="java.vm.specification.version" value="14"/>
    <property name="sun.java.launcher" value="SUN_STANDARD"/>
    <property name="user.country" value="AU"/>
    <property name="sun.boot.library.path" value="/Library/Java/JavaVirtualMachines/jdk-14.0.1.jdk/Contents/Home/lib"/>
    <property name="sun.java.command" value="/Users/minakirollos/eclipse-workspace/APIFramework/target/surefire/surefirebooter858334338291633843.jar /Users/minakirollos/eclipse-workspace/APIFramework/target/surefire 2020-07-14T12-52-57_262-jvmRun1 surefire18096317592125762547tmp surefire_02545281317228168035tmp"/>
    <property name="http.nonProxyHosts" value="local|*.local|169.254/16|*.169.254/16|127.0.0.1"/>
    <property name="jdk.debug" value="release"/>
    <property name="surefire.test.class.path" value="/Users/minakirollos/eclipse-workspace/APIFramework/target/test-classes:/Users/minakirollos/eclipse-workspace/APIFramework/target/classes:/Users/minakirollos/.m2/repository/junit/junit/4.11/junit-4.11.jar:/Users/minakirollos/.m2/repository/org/hamcrest/hamcrest-core/1.3/hamcrest-core-1.3.jar:/Users/minakirollos/.m2/repository/io/cucumber/cucumber-java/6.2.1/cucumber-java-6.2.1.jar:/Users/minakirollos/.m2/repository/io/cucumber/cucumber-core/6.2.1/cucumber-core-6.2.1.jar:/Users/minakirollos/.m2/repository/io/cucumber/cucumber-gherkin/6.2.1/cucumber-gherkin-6.2.1.jar:/Users/minakirollos/.m2/repository/io/cucumber/cucumber-gherkin-messages/6.2.1/cucumber-gherkin-messages-6.2.1.jar:/Users/minakirollos/.m2/repository/io/cucumber/messages/12.2.0/messages-12.2.0.jar:/Users/minakirollos/.m2/repository/io/cucumber/tag-expressions/3.0.0/tag-expressions-3.0.0.jar:/Users/minakirollos/.m2/repository/io/cucumber/cucumber-expressions/10.2.1/cucumber-expressions-10.2.1.jar:/Users/minakirollos/.m2/repository/io/cucumber/datatable/3.3.1/datatable-3.3.1.jar:/Users/minakirollos/.m2/repository/io/cucumber/cucumber-plugin/6.2.1/cucumber-plugin-6.2.1.jar:/Users/minakirollos/.m2/repository/io/cucumber/docstring/6.2.1/docstring-6.2.1.jar:/Users/minakirollos/.m2/repository/io/cucumber/html-formatter/7.0.0/html-formatter-7.0.0.jar:/Users/minakirollos/.m2/repository/org/apiguardian/apiguardian-api/1.1.0/apiguardian-api-1.1.0.jar:/Users/minakirollos/.m2/repository/io/cucumber/cucumber-junit/6.2.1/cucumber-junit-6.2.1.jar:/Users/minakirollos/.m2/repository/io/rest-assured/rest-assured/4.3.1/rest-assured-4.3.1.jar:/Users/minakirollos/.m2/repository/org/codehaus/groovy/groovy/3.0.3/groovy-3.0.3.jar:/Users/minakirollos/.m2/repository/org/codehaus/groovy/groovy-xml/3.0.3/groovy-xml-3.0.3.jar:/Users/minakirollos/.m2/repository/org/apache/httpcomponents/httpclient/4.5.3/httpclient-4.5.3.jar:/Users/minakirollos/.m2/repository/org/apache/httpcomponents/httpcore/4.4.6/httpcore-4.4.6.jar:/Users/minakirollos/.m2/repository/commons-logging/commons-logging/1.2/commons-logging-1.2.jar:/Users/minakirollos/.m2/repository/commons-codec/commons-codec/1.9/commons-codec-1.9.jar:/Users/minakirollos/.m2/repository/org/apache/httpcomponents/httpmime/4.5.3/httpmime-4.5.3.jar:/Users/minakirollos/.m2/repository/org/hamcrest/hamcrest/2.1/hamcrest-2.1.jar:/Users/minakirollos/.m2/repository/org/ccil/cowan/tagsoup/tagsoup/1.2.1/tagsoup-1.2.1.jar:/Users/minakirollos/.m2/repository/io/rest-assured/json-path/4.3.1/json-path-4.3.1.jar:/Users/minakirollos/.m2/repository/org/codehaus/groovy/groovy-json/3.0.3/groovy-json-3.0.3.jar:/Users/minakirollos/.m2/repository/io/rest-assured/rest-assured-common/4.3.1/rest-assured-common-4.3.1.jar:/Users/minakirollos/.m2/repository/io/rest-assured/xml-path/4.3.1/xml-path-4.3.1.jar:/Users/minakirollos/.m2/repository/org/apache/commons/commons-lang3/3.4/commons-lang3-3.4.jar:/Users/minakirollos/.m2/repository/jakarta/xml/bind/jakarta.xml.bind-api/2.3.3/jakarta.xml.bind-api-2.3.3.jar:/Users/minakirollos/.m2/repository/jakarta/activation/jakarta.activation-api/1.2.2/jakarta.activation-api-1.2.2.jar:/Users/minakirollos/.m2/repository/com/sun/xml/bind/jaxb-impl/2.3.3/jaxb-impl-2.3.3.jar:/Users/minakirollos/.m2/repository/com/fasterxml/jackson/core/jackson-databind/2.11.1/jackson-databind-2.11.1.jar:/Users/minakirollos/.m2/repository/com/fasterxml/jackson/core/jackson-annotations/2.11.1/jackson-annotations-2.11.1.jar:/Users/minakirollos/.m2/repository/com/fasterxml/jackson/core/jackson-core/2.11.1/jackson-core-2.11.1.jar:"/>
    <property name="sun.cpu.endian" value="little"/>
    <property name="user.home" value="/Users/minakirollos"/>
    <property name="user.language" value="en"/>
    <property name="java.specification.vendor" value="Oracle Corporation"/>
    <property name="java.version.date" value="2020-04-14"/>
    <property name="java.home" value="/Library/Java/JavaVirtualMachines/jdk-14.0.1.jdk/Contents/Home"/>
    <property name="file.separator" value="/"/>
    <property name="basedir" value="/Users/minakirollos/eclipse-workspace/APIFramework"/>
    <property name="java.vm.compressedOopsMode" value="Zero based"/>
    <property name="line.separator" value="&#10;"/>
    <property name="java.specification.name" value="Java Platform API Specification"/>
    <property name="java.vm.specification.vendor" value="Oracle Corporation"/>
    <property name="surefire.real.class.path" value="/Users/minakirollos/eclipse-workspace/APIFramework/target/surefire/surefirebooter858334338291633843.jar"/>
    <property name="sun.management.compiler" value="HotSpot 64-Bit Tiered Compilers"/>
    <property name="ftp.nonProxyHosts" value="local|*.local|169.254/16|*.169.254/16|127.0.0.1"/>
    <property name="java.runtime.version" value="14.0.1+7"/>
    <property name="user.name" value="minakirollos"/>
    <property name="path.separator" value=":"/>
    <property name="os.version" value="10.15.5"/>
    <property name="java.runtime.name" value="Java(TM) SE Runtime Environment"/>
    <property name="file.encoding" value="UTF-8"/>
    <property name="java.vm.name" value="Java HotSpot(TM) 64-Bit Server VM"/>
    <property name="localRepository" value="/Users/minakirollos/.m2/repository"/>
    <property name="java.vendor.url.bug" value="https://bugreport.java.com/bugreport/"/>
    <property name="java.io.tmpdir" value="/var/folders/bl/j0bzhsjn6c1663wdfybnqxhm0000gn/T/"/>
    <property name="java.version" value="14.0.1"/>
    <property name="user.dir" value="/Users/minakirollos/eclipse-workspace/APIFramework"/>
    <property name="os.arch" value="x86_64"/>
    <property name="java.vm.specification.name" value="Java Virtual Machine Specification"/>
    <property name="java.library.path" value="/Users/minakirollos/Library/Java/Extensions:/Library/Java/Extensions:/Network/Library/Java/Extensions:/System/Library/Java/Extensions:/usr/lib/java:."/>
    <property name="java.vm.info" value="mixed mode, sharing"/>
    <property name="java.vendor" value="Oracle Corporation"/>
    <property name="java.vm.version" value="14.0.1+7"/>
    <property name="sun.io.unicode.encoding" value="UnicodeBig"/>
    <property name="socksNonProxyHosts" value="local|*.local|169.254/16|*.169.254/16|127.0.0.1"/>
    <property name="java.class.version" value="58.0"/>
  </properties>
  <testcase name="Verify if Delete Place functionality is working" classname="Validating Place ApI&apos;s" time="7.781"/>
</testsuite>